<?xml version="1.0" encoding="UTF-8"?>
<testng-results ignored="0" total="1" passed="1" failed="0" skipped="0">
  <reporter-output>
  </reporter-output>
  <suite started-at="2024-11-08T17:39:52 IST" name="Default suite" finished-at="2024-11-08T17:40:52 IST" duration-ms="59751">
    <groups>
      <group name="cucumber">
        <method signature="AbstractTestNGCucumberTests.runScenario(io.cucumber.testng.PickleWrapper,io.cucumber.testng.FeatureWrapper)[pri:0, instance:Runnerone.Runnernew@20d525]" name="runScenario" class="io.cucumber.testng.AbstractTestNGCucumberTests"/>
      </group> <!-- cucumber -->
    </groups>
    <test started-at="2024-11-08T17:39:52 IST" name="Default test" finished-at="2024-11-08T17:40:52 IST" duration-ms="59751">
      <class name="Runnerone.Runnernew">
        <test-method is-config="true" signature="setUpClass(org.testng.ITestContext)[pri:0, instance:Runnerone.Runnernew@20d525]" started-at="2024-11-08T17:39:52 IST" name="setUpClass" finished-at="2024-11-08T17:39:53 IST" duration-ms="771" status="PASS">
          <params>
            <param index="0">
              <value>
                <![CDATA[org.testng.TestRunner@71b6d77f]]>
              </value>
            </param>
          </params>
          <reporter-output>
          </reporter-output>
        </test-method> <!-- setUpClass -->
        <test-method signature="runScenario(io.cucumber.testng.PickleWrapper,io.cucumber.testng.FeatureWrapper)[pri:0, instance:Runnerone.Runnernew@20d525]" started-at="2024-11-08T17:39:53 IST" name="runScenario" description="Runs Cucumber Scenarios" data-provider="scenarios" finished-at="2024-11-08T17:40:52 IST" duration-ms="58850" status="PASS">
          <params>
            <param index="0">
              <value>
                <![CDATA["Successful login"]]>
              </value>
            </param>
            <param index="1">
              <value>
                <![CDATA["Digival User"]]>
              </value>
            </param>
          </params>
          <reporter-output>
          </reporter-output>
        </test-method> <!-- runScenario -->
        <test-method is-config="true" signature="tearDownClass()[pri:0, instance:Runnerone.Runnernew@20d525]" started-at="2024-11-08T17:40:52 IST" name="tearDownClass" finished-at="2024-11-08T17:40:52 IST" duration-ms="70" status="PASS">
          <reporter-output>
          </reporter-output>
        </test-method> <!-- tearDownClass -->
      </class> <!-- Runnerone.Runnernew -->
    </test> <!-- Default test -->
  </suite> <!-- Default suite -->
</testng-results>
